<?xml version="1.0" encoding="UTF-8"?>
<!-- Generated by org.testng.reporters.JUnitReportReporter -->
<testsuite skipped="0" hostname="VAPS" name="exambleForTestNgGroups.ExambleOfParallelExcecutinInTestNG" tests="3" failures="0" timestamp="2020-04-07T00:35:02 IST" time="0.489" errors="0">
  <testcase name="Test1" time="0.162" classname="exambleForTestNgGroups.ExambleOfParallelExcecutinInTestNG"/>
  <system-out/>
  <testcase name="Test2" time="0.162" classname="exambleForTestNgGroups.ExambleOfParallelExcecutinInTestNG"/>
  <system-out/>
  <testcase name="Test3" time="0.165" classname="exambleForTestNgGroups.ExambleOfParallelExcecutinInTestNG"/>
  <system-out/>
</testsuite> <!-- exambleForTestNgGroups.ExambleOfParallelExcecutinInTestNG -->
